2026-06-18T02:16:47.059+05:30  INFO 21048 --- [doconnectai] [main] c.d.DoconnectaiApplicationTests          : Starting DoconnectaiApplicationTests using Java 25.0.3 with PID 21048 (started by madhu in C:\New folder (5)\Capstone-doconnectai\Backend)
2026-06-18T02:16:47.064+05:30 DEBUG 21048 --- [doconnectai] [main] c.d.DoconnectaiApplicationTests          : Running with Spring Boot v3.5.15, Spring v6.2.19
2026-06-18T02:16:47.066+05:30  INFO 21048 --- [doconnectai] [main] c.d.DoconnectaiApplicationTests          : No active profile set, falling back to 1 default profile: "default"
2026-06-18T02:16:47.826+05:30  INFO 21048 --- [doconnectai] [main] .s.d.r.c.RepositoryConfigurationDelegate : Bootstrapping Spring Data JPA repositories in DEFAULT mode.
2026-06-18T02:16:47.912+05:30  INFO 21048 --- [doconnectai] [main] .s.d.r.c.RepositoryConfigurationDelegate : Finished Spring Data repository scanning in 74 ms. Found 7 JPA repository interfaces.
2026-06-18T02:16:48.585+05:30  INFO 21048 --- [doconnectai] [main] o.hibernate.jpa.internal.util.LogHelper  : HHH000204: Processing PersistenceUnitInfo [name: default]
2026-06-18T02:16:48.668+05:30  INFO 21048 --- [doconnectai] [main] org.hibernate.Version                    : HHH000412: Hibernate ORM core version 6.6.53.Final
2026-06-18T02:16:48.720+05:30  INFO 21048 --- [doconnectai] [main] o.h.c.internal.RegionFactoryInitiator    : HHH000026: Second-level cache disabled
2026-06-18T02:16:48.885+05:30  INFO 21048 --- [doconnectai] [main] o.s.o.j.p.SpringPersistenceUnitInfo      : No LoadTimeWeaver setup: ignoring JPA class transformer
2026-06-18T02:16:48.943+05:30  INFO 21048 --- [doconnectai] [main] com.zaxxer.hikari.HikariDataSource       : HikariPool-1 - Starting...
2026-06-18T02:16:49.340+05:30  INFO 21048 --- [doconnectai] [main] com.zaxxer.hikari.pool.HikariPool        : HikariPool-1 - Added connection com.mysql.cj.jdbc.ConnectionImpl@516155b5
2026-06-18T02:16:49.343+05:30  INFO 21048 --- [doconnectai] [main] com.zaxxer.hikari.HikariDataSource       : HikariPool-1 - Start completed.
2026-06-18T02:16:49.440+05:30  INFO 21048 --- [doconnectai] [main] org.hibernate.orm.connections.pooling    : HHH10001005: Database info:
	Database JDBC URL [Connecting through datasource 'HikariDataSource (HikariPool-1)']
	Database driver: undefined/unknown
	Database version: 8.0.43
	Autocommit mode: undefined/unknown
	Isolation level: undefined/unknown
	Minimum pool size: undefined/unknown
	Maximum pool size: undefined/unknown
2026-06-18T02:16:50.440+05:30  INFO 21048 --- [doconnectai] [main] o.h.e.t.j.p.i.JtaPlatformInitiator       : HHH000489: No JTA platform available (set 'hibernate.transaction.jta.platform' to enable JTA platform integration)
2026-06-18T02:16:50.597+05:30  INFO 21048 --- [doconnectai] [main] j.LocalContainerEntityManagerFactoryBean : Initialized JPA EntityManagerFactory for persistence unit 'default'
2026-06-18T02:16:51.260+05:30  WARN 21048 --- [doconnectai] [main] JpaBaseConfiguration$JpaWebConfiguration : spring.jpa.open-in-view is enabled by default. Therefore, database queries may be performed during view rendering. Explicitly configure spring.jpa.open-in-view to disable this warning
2026-06-18T02:16:51.308+05:30  WARN 21048 --- [doconnectai] [main] .s.s.UserDetailsServiceAutoConfiguration : 

Using generated security password: 27406ff0-2416-4cf9-a38a-05698c02931f

This generated password is for development use only. Your security configuration must be updated before running your application in production.

2026-06-18T02:16:51.319+05:30  INFO 21048 --- [doconnectai] [main] r$InitializeUserDetailsManagerConfigurer : Global AuthenticationManager configured with UserDetailsService bean with name inMemoryUserDetailsManager
2026-06-18T02:16:52.150+05:30  INFO 21048 --- [doconnectai] [main] c.d.DoconnectaiApplicationTests          : Started DoconnectaiApplicationTests in 5.336 seconds (process running for 7.757)
2026-06-18T02:16:52.214+05:30  INFO 21048 --- [doconnectai] [SpringApplicationShutdownHook] j.LocalContainerEntityManagerFactoryBean : Closing JPA EntityManagerFactory for persistence unit 'default'
2026-06-18T02:16:52.217+05:30  INFO 21048 --- [doconnectai] [SpringApplicationShutdownHook] com.zaxxer.hikari.HikariDataSource       : HikariPool-1 - Shutdown initiated...
2026-06-18T02:16:52.225+05:30  INFO 21048 --- [doconnectai] [SpringApplicationShutdownHook] com.zaxxer.hikari.HikariDataSource       : HikariPool-1 - Shutdown completed.
2026-06-18T02:17:22.305+05:30  INFO 5532 --- [doconnectai] [main] c.d.DoconnectaiApplicationTests          : Starting DoconnectaiApplicationTests using Java 25.0.3 with PID 5532 (started by madhu in C:\New folder (5)\Capstone-doconnectai\Backend)
2026-06-18T02:17:22.306+05:30 DEBUG 5532 --- [doconnectai] [main] c.d.DoconnectaiApplicationTests          : Running with Spring Boot v3.5.15, Spring v6.2.19
2026-06-18T02:17:22.307+05:30  INFO 5532 --- [doconnectai] [main] c.d.DoconnectaiApplicationTests          : No active profile set, falling back to 1 default profile: "default"
2026-06-18T02:17:22.932+05:30  INFO 5532 --- [doconnectai] [main] .s.d.r.c.RepositoryConfigurationDelegate : Bootstrapping Spring Data JPA repositories in DEFAULT mode.
2026-06-18T02:17:22.998+05:30  INFO 5532 --- [doconnectai] [main] .s.d.r.c.RepositoryConfigurationDelegate : Finished Spring Data repository scanning in 55 ms. Found 7 JPA repository interfaces.
2026-06-18T02:17:23.537+05:30  INFO 5532 --- [doconnectai] [main] o.hibernate.jpa.internal.util.LogHelper  : HHH000204: Processing PersistenceUnitInfo [name: default]
2026-06-18T02:17:23.595+05:30  INFO 5532 --- [doconnectai] [main] org.hibernate.Version                    : HHH000412: Hibernate ORM core version 6.6.53.Final
2026-06-18T02:17:23.623+05:30  INFO 5532 --- [doconnectai] [main] o.h.c.internal.RegionFactoryInitiator    : HHH000026: Second-level cache disabled
2026-06-18T02:17:23.741+05:30  INFO 5532 --- [doconnectai] [main] o.s.o.j.p.SpringPersistenceUnitInfo      : No LoadTimeWeaver setup: ignoring JPA class transformer
2026-06-18T02:17:23.779+05:30  INFO 5532 --- [doconnectai] [main] com.zaxxer.hikari.HikariDataSource       : HikariPool-1 - Starting...
2026-06-18T02:17:24.084+05:30  INFO 5532 --- [doconnectai] [main] com.zaxxer.hikari.pool.HikariPool        : HikariPool-1 - Added connection com.mysql.cj.jdbc.ConnectionImpl@265c0752
2026-06-18T02:17:24.088+05:30  INFO 5532 --- [doconnectai] [main] com.zaxxer.hikari.HikariDataSource       : HikariPool-1 - Start completed.
2026-06-18T02:17:24.156+05:30  INFO 5532 --- [doconnectai] [main] org.hibernate.orm.connections.pooling    : HHH10001005: Database info:
	Database JDBC URL [Connecting through datasource 'HikariDataSource (HikariPool-1)']
	Database driver: undefined/unknown
	Database version: 8.0.43
	Autocommit mode: undefined/unknown
	Isolation level: undefined/unknown
	Minimum pool size: undefined/unknown
	Maximum pool size: undefined/unknown
2026-06-18T02:17:24.822+05:30  INFO 5532 --- [doconnectai] [main] o.h.e.t.j.p.i.JtaPlatformInitiator       : HHH000489: No JTA platform available (set 'hibernate.transaction.jta.platform' to enable JTA platform integration)
2026-06-18T02:17:24.954+05:30  INFO 5532 --- [doconnectai] [main] j.LocalContainerEntityManagerFactoryBean : Initialized JPA EntityManagerFactory for persistence unit 'default'
2026-06-18T02:17:25.453+05:30  WARN 5532 --- [doconnectai] [main] JpaBaseConfiguration$JpaWebConfiguration : spring.jpa.open-in-view is enabled by default. Therefore, database queries may be performed during view rendering. Explicitly configure spring.jpa.open-in-view to disable this warning
2026-06-18T02:17:25.492+05:30  WARN 5532 --- [doconnectai] [main] .s.s.UserDetailsServiceAutoConfiguration : 

Using generated security password: fdf4905d-662a-4700-b279-aa65afe869e6

This generated password is for development use only. Your security configuration must be updated before running your application in production.

2026-06-18T02:17:25.500+05:30  INFO 5532 --- [doconnectai] [main] r$InitializeUserDetailsManagerConfigurer : Global AuthenticationManager configured with UserDetailsService bean with name inMemoryUserDetailsManager
2026-06-18T02:17:26.145+05:30  INFO 5532 --- [doconnectai] [main] c.d.DoconnectaiApplicationTests          : Started DoconnectaiApplicationTests in 4.079 seconds (process running for 6.243)
2026-06-18T02:17:26.199+05:30  INFO 5532 --- [doconnectai] [SpringApplicationShutdownHook] j.LocalContainerEntityManagerFactoryBean : Closing JPA EntityManagerFactory for persistence unit 'default'
2026-06-18T02:17:26.202+05:30  INFO 5532 --- [doconnectai] [SpringApplicationShutdownHook] com.zaxxer.hikari.HikariDataSource       : HikariPool-1 - Shutdown initiated...
2026-06-18T02:17:26.211+05:30  INFO 5532 --- [doconnectai] [SpringApplicationShutdownHook] com.zaxxer.hikari.HikariDataSource       : HikariPool-1 - Shutdown completed.
2026-06-18T07:55:55.821+05:30  INFO 32240 --- [doconnectai] [main] com.doconnectai.DoconnectaiApplication   : Starting DoconnectaiApplication using Java 25.0.3 with PID 32240 (C:\New folder (5)\Capstone-doconnectai\Backend\target\classes started by madhu in C:\New folder (5)\Capstone-doconnectai\Backend)
2026-06-18T07:55:55.822+05:30 DEBUG 32240 --- [doconnectai] [main] com.doconnectai.DoconnectaiApplication   : Running with Spring Boot v3.5.15, Spring v6.2.19
2026-06-18T07:55:55.823+05:30  INFO 32240 --- [doconnectai] [main] com.doconnectai.DoconnectaiApplication   : No active profile set, falling back to 1 default profile: "default"
2026-06-18T07:55:56.376+05:30  INFO 32240 --- [doconnectai] [main] .s.d.r.c.RepositoryConfigurationDelegate : Bootstrapping Spring Data JPA repositories in DEFAULT mode.
2026-06-18T07:55:56.431+05:30  INFO 32240 --- [doconnectai] [main] .s.d.r.c.RepositoryConfigurationDelegate : Finished Spring Data repository scanning in 47 ms. Found 7 JPA repository interfaces.
2026-06-18T07:55:56.887+05:30  INFO 32240 --- [doconnectai] [main] o.s.b.w.embedded.tomcat.TomcatWebServer  : Tomcat initialized with port 8080 (http)
2026-06-18T07:55:56.905+05:30  INFO 32240 --- [doconnectai] [main] o.apache.catalina.core.StandardService   : Starting service [Tomcat]
2026-06-18T07:55:56.905+05:30  INFO 32240 --- [doconnectai] [main] o.apache.catalina.core.StandardEngine    : Starting Servlet engine: [Apache Tomcat/10.1.55]
2026-06-18T07:55:56.962+05:30  INFO 32240 --- [doconnectai] [main] o.a.c.c.C.[Tomcat].[localhost].[/]       : Initializing Spring embedded WebApplicationContext
2026-06-18T07:55:56.963+05:30  INFO 32240 --- [doconnectai] [main] w.s.c.ServletWebServerApplicationContext : Root WebApplicationContext: initialization completed in 1086 ms
2026-06-18T07:55:57.037+05:30 DEBUG 32240 --- [doconnectai] [main] com.doconnectai.security.JwtFilter       : Filter 'jwtFilter' configured for use
2026-06-18T07:55:57.141+05:30  INFO 32240 --- [doconnectai] [main] o.hibernate.jpa.internal.util.LogHelper  : HHH000204: Processing PersistenceUnitInfo [name: default]
2026-06-18T07:55:57.197+05:30  INFO 32240 --- [doconnectai] [main] org.hibernate.Version                    : HHH000412: Hibernate ORM core version 6.6.53.Final
2026-06-18T07:55:57.234+05:30  INFO 32240 --- [doconnectai] [main] o.h.c.internal.RegionFactoryInitiator    : HHH000026: Second-level cache disabled
2026-06-18T07:55:57.499+05:30  INFO 32240 --- [doconnectai] [main] o.s.o.j.p.SpringPersistenceUnitInfo      : No LoadTimeWeaver setup: ignoring JPA class transformer
2026-06-18T07:55:57.543+05:30  INFO 32240 --- [doconnectai] [main] com.zaxxer.hikari.HikariDataSource       : HikariPool-1 - Starting...
2026-06-18T07:55:57.819+05:30  INFO 32240 --- [doconnectai] [main] com.zaxxer.hikari.pool.HikariPool        : HikariPool-1 - Added connection com.mysql.cj.jdbc.ConnectionImpl@6cc90398
2026-06-18T07:55:57.821+05:30  INFO 32240 --- [doconnectai] [main] com.zaxxer.hikari.HikariDataSource       : HikariPool-1 - Start completed.
2026-06-18T07:55:57.898+05:30  INFO 32240 --- [doconnectai] [main] org.hibernate.orm.connections.pooling    : HHH10001005: Database info:
	Database JDBC URL [Connecting through datasource 'HikariDataSource (HikariPool-1)']
	Database driver: undefined/unknown
	Database version: 8.0.43
	Autocommit mode: undefined/unknown
	Isolation level: undefined/unknown
	Minimum pool size: undefined/unknown
	Maximum pool size: undefined/unknown
2026-06-18T07:55:58.708+05:30  INFO 32240 --- [doconnectai] [main] o.h.e.t.j.p.i.JtaPlatformInitiator       : HHH000489: No JTA platform available (set 'hibernate.transaction.jta.platform' to enable JTA platform integration)
2026-06-18T07:55:58.792+05:30  INFO 32240 --- [doconnectai] [main] j.LocalContainerEntityManagerFactoryBean : Initialized JPA EntityManagerFactory for persistence unit 'default'
2026-06-18T07:55:59.157+05:30  WARN 32240 --- [doconnectai] [main] JpaBaseConfiguration$JpaWebConfiguration : spring.jpa.open-in-view is enabled by default. Therefore, database queries may be performed during view rendering. Explicitly configure spring.jpa.open-in-view to disable this warning
2026-06-18T07:55:59.184+05:30  WARN 32240 --- [doconnectai] [main] .s.s.UserDetailsServiceAutoConfiguration : 

Using generated security password: 64948a10-f81f-4140-84af-2498096c870a

This generated password is for development use only. Your security configuration must be updated before running your application in production.

2026-06-18T07:55:59.190+05:30  INFO 32240 --- [doconnectai] [main] r$InitializeUserDetailsManagerConfigurer : Global AuthenticationManager configured with UserDetailsService bean with name inMemoryUserDetailsManager
2026-06-18T07:55:59.633+05:30  INFO 32240 --- [doconnectai] [main] o.s.b.w.embedded.tomcat.TomcatWebServer  : Tomcat started on port 8080 (http) with context path '/'
2026-06-18T07:55:59.640+05:30  INFO 32240 --- [doconnectai] [main] com.doconnectai.DoconnectaiApplication   : Started DoconnectaiApplication in 4.129 seconds (process running for 4.873)
2026-06-18T08:00:45.450+05:30  INFO 27960 --- [doconnectai] [main] c.d.DoconnectaiApplicationTests          : Starting DoconnectaiApplicationTests using Java 25.0.3 with PID 27960 (started by madhu in C:\New folder (5)\Capstone-doconnectai\Backend)
2026-06-18T08:00:45.452+05:30 DEBUG 27960 --- [doconnectai] [main] c.d.DoconnectaiApplicationTests          : Running with Spring Boot v3.5.15, Spring v6.2.19
2026-06-18T08:00:45.452+05:30  INFO 27960 --- [doconnectai] [main] c.d.DoconnectaiApplicationTests          : No active profile set, falling back to 1 default profile: "default"
2026-06-18T08:00:46.118+05:30  INFO 27960 --- [doconnectai] [main] .s.d.r.c.RepositoryConfigurationDelegate : Bootstrapping Spring Data JPA repositories in DEFAULT mode.
2026-06-18T08:00:46.176+05:30  INFO 27960 --- [doconnectai] [main] .s.d.r.c.RepositoryConfigurationDelegate : Finished Spring Data repository scanning in 47 ms. Found 7 JPA repository interfaces.
2026-06-18T08:00:46.752+05:30  INFO 27960 --- [doconnectai] [main] o.hibernate.jpa.internal.util.LogHelper  : HHH000204: Processing PersistenceUnitInfo [name: default]
2026-06-18T08:00:46.819+05:30  INFO 27960 --- [doconnectai] [main] org.hibernate.Version                    : HHH000412: Hibernate ORM core version 6.6.53.Final
2026-06-18T08:00:46.853+05:30  INFO 27960 --- [doconnectai] [main] o.h.c.internal.RegionFactoryInitiator    : HHH000026: Second-level cache disabled
2026-06-18T08:00:46.972+05:30  INFO 27960 --- [doconnectai] [main] o.s.o.j.p.SpringPersistenceUnitInfo      : No LoadTimeWeaver setup: ignoring JPA class transformer
2026-06-18T08:00:47.012+05:30  INFO 27960 --- [doconnectai] [main] com.zaxxer.hikari.HikariDataSource       : HikariPool-1 - Starting...
2026-06-18T08:00:47.317+05:30  INFO 27960 --- [doconnectai] [main] com.zaxxer.hikari.pool.HikariPool        : HikariPool-1 - Added connection com.mysql.cj.jdbc.ConnectionImpl@11939a9f
2026-06-18T08:00:47.319+05:30  INFO 27960 --- [doconnectai] [main] com.zaxxer.hikari.HikariDataSource       : HikariPool-1 - Start completed.
2026-06-18T08:00:47.396+05:30  INFO 27960 --- [doconnectai] [main] org.hibernate.orm.connections.pooling    : HHH10001005: Database info:
	Database JDBC URL [Connecting through datasource 'HikariDataSource (HikariPool-1)']
	Database driver: undefined/unknown
	Database version: 8.0.43
	Autocommit mode: undefined/unknown
	Isolation level: undefined/unknown
	Minimum pool size: undefined/unknown
	Maximum pool size: undefined/unknown
2026-06-18T08:00:48.206+05:30  INFO 27960 --- [doconnectai] [main] o.h.e.t.j.p.i.JtaPlatformInitiator       : HHH000489: No JTA platform available (set 'hibernate.transaction.jta.platform' to enable JTA platform integration)
2026-06-18T08:00:48.352+05:30  INFO 27960 --- [doconnectai] [main] j.LocalContainerEntityManagerFactoryBean : Initialized JPA EntityManagerFactory for persistence unit 'default'
2026-06-18T08:00:48.869+05:30  WARN 27960 --- [doconnectai] [main] JpaBaseConfiguration$JpaWebConfiguration : spring.jpa.open-in-view is enabled by default. Therefore, database queries may be performed during view rendering. Explicitly configure spring.jpa.open-in-view to disable this warning
2026-06-18T08:00:48.910+05:30  WARN 27960 --- [doconnectai] [main] .s.s.UserDetailsServiceAutoConfiguration : 

Using generated security password: d891dcc1-72d1-4954-9b2b-78c8e8634442

This generated password is for development use only. Your security configuration must be updated before running your application in production.

2026-06-18T08:00:48.920+05:30  INFO 27960 --- [doconnectai] [main] r$InitializeUserDetailsManagerConfigurer : Global AuthenticationManager configured with UserDetailsService bean with name inMemoryUserDetailsManager
2026-06-18T08:00:49.572+05:30  INFO 27960 --- [doconnectai] [main] c.d.DoconnectaiApplicationTests          : Started DoconnectaiApplicationTests in 4.446 seconds (process running for 7.463)
2026-06-18T08:00:49.612+05:30  INFO 27960 --- [doconnectai] [SpringApplicationShutdownHook] j.LocalContainerEntityManagerFactoryBean : Closing JPA EntityManagerFactory for persistence unit 'default'
2026-06-18T08:00:49.615+05:30  INFO 27960 --- [doconnectai] [SpringApplicationShutdownHook] com.zaxxer.hikari.HikariDataSource       : HikariPool-1 - Shutdown initiated...
2026-06-18T08:00:49.624+05:30  INFO 27960 --- [doconnectai] [SpringApplicationShutdownHook] com.zaxxer.hikari.HikariDataSource       : HikariPool-1 - Shutdown completed.
2026-06-18T08:02:37.918+05:30  INFO 32240 --- [doconnectai] [http-nio-8080-exec-1] o.a.c.c.C.[Tomcat].[localhost].[/]       : Initializing Spring DispatcherServlet 'dispatcherServlet'
2026-06-18T08:02:37.919+05:30  INFO 32240 --- [doconnectai] [http-nio-8080-exec-1] o.s.web.servlet.DispatcherServlet        : Initializing Servlet 'dispatcherServlet'
2026-06-18T08:02:37.921+05:30  INFO 32240 --- [doconnectai] [http-nio-8080-exec-1] o.s.web.servlet.DispatcherServlet        : Completed initialization in 2 ms
2026-06-18T08:02:38.374+05:30  INFO 32240 --- [doconnectai] [http-nio-8080-exec-2] c.doconnectai.controller.UserController  : POST /login successful
2026-06-18T08:02:38.485+05:30  INFO 32240 --- [doconnectai] [http-nio-8080-exec-5] c.doconnectai.service.UserServiceImpl    : Fetching user with email: madhu@gmail.com
2026-06-18T08:02:38.492+05:30  INFO 32240 --- [doconnectai] [http-nio-8080-exec-5] c.doconnectai.service.UserServiceImpl    : User found with email: madhu@gmail.com
2026-06-18T09:17:32.049+05:30  INFO 32240 --- [doconnectai] [RMI TCP Connection(86)-127.0.0.1] inMXBeanRegistrar$SpringApplicationAdmin : Application shutdown requested.
2026-06-18T09:17:32.083+05:30  INFO 32240 --- [doconnectai] [RMI TCP Connection(86)-127.0.0.1] o.s.b.w.e.tomcat.GracefulShutdown        : Commencing graceful shutdown. Waiting for active requests to complete
2026-06-18T09:17:32.114+05:30  INFO 32240 --- [doconnectai] [tomcat-shutdown] o.s.b.w.e.tomcat.GracefulShutdown        : Graceful shutdown complete
2026-06-18T09:17:32.137+05:30  INFO 32240 --- [doconnectai] [RMI TCP Connection(86)-127.0.0.1] j.LocalContainerEntityManagerFactoryBean : Closing JPA EntityManagerFactory for persistence unit 'default'
2026-06-18T09:17:32.156+05:30  INFO 32240 --- [doconnectai] [RMI TCP Connection(86)-127.0.0.1] com.zaxxer.hikari.HikariDataSource       : HikariPool-1 - Shutdown initiated...
2026-06-18T09:17:32.163+05:30  INFO 32240 --- [doconnectai] [RMI TCP Connection(86)-127.0.0.1] com.zaxxer.hikari.HikariDataSource       : HikariPool-1 - Shutdown completed.
